<?xml version="1.0" encoding="UTF-8"?>
<!-- Generated by org.testng.reporters.JUnitReportReporter -->
<testsuite hostname="DESKTOP-P8A2VEI" failures="0" tests="1" name="com.Base.Sample1" time="7.840" errors="0" timestamp="05 Nov 2022 08:54:31 GMT" skipped="0">
  <testcase classname="com.Base.Sample1" name="productSearch" time="7.840"/>
</testsuite> <!-- com.Base.Sample1 -->
